Arguments: 
  C:\Program Files\nodejs\node.exe C:\Program Files (x86)\Yarn\bin\yarn.js add babel-present-react@6.24.1 babel-preset-env@1.5.2

PATH: 
  C:\Program Files (x86)\Common Files\Oracle\Java\javapath;C:\Program Files\Microsoft MPI\Bin\;C:\Program Files (x86)\Common Files\Intel\Shared Libraries\redist\intel64\compiler;C:\WINDOWS\system32;C:\WINDOWS;C:\WINDOWS\System32\Wbem;C:\WINDOWS\System32\WindowsPowerShell\v1.0\;C:\Program Files\Microsoft SQL Server\130\Tools\Binn\;C:\Program Files\MySQL\MySQL Utilities 1.6\;C:\Program Files\dotnet\;C:\Program Files\Microsoft\Web Platform Installer\;C:\Program Files (x86)\DevDesktop\tools;C:\WINDOWS\System32\OpenSSH\;C:\Program Files (x86)\Brackets\command;C:\Program Files\nodejs\;C:\Program Files (x86)\Yarn\bin\;C:\Program Files\Microsoft VS Code\bin;C:\Program Files (x86)\Microsoft SQL Server\140\Tools\Binn\;C:\Program Files\Microsoft SQL Server\140\Tools\Binn\;C:\Program Files (x86)\Microsoft SQL Server\140\DTS\Binn\;C:\Program Files\Microsoft SQL Server\140\DTS\Binn\;C:\Program Files\Microsoft SQL Server\Client SDK\ODBC\130\Tools\Binn\;C:\Program Files (x86)\Microsoft SQL Server\Client SDK\ODBC\130\Tools\Binn\;C:\Program Files (x86)\Microsoft SQL Server\140\Tools\Binn\ManagementStudio\;C:\Program Files\Git\cmd;C:\Program Files\SourceGear\Common\DiffMerge\;C:\Users\GODSGIFT T AKARI\AppData\Local\Programs\Python\Python36-32\Scripts\;C:\Users\GODSGIFT T AKARI\AppData\Local\Programs\Python\Python36-32\;C:\Users\GODSGIFT T AKARI\AppData\Local\Microsoft\WindowsApps;C:\Users\GODSGIFT T AKARI\AppData\Local\atom\bin;C:\Program Files\Microsoft VS Code\bin;C:\Users\GODSGIFT T AKARI\AppData\Local\GitHubDesktop\bin;C:\Users\GODSGIFT T AKARI\AppData\Local\Microsoft\WindowsApps;C:\Users\GODSGIFT T AKARI\AppData\Roaming\npm;C:\Users\GODSGIFT T AKARI\AppData\Local\Yarn\bin;C:\Program Files\MongoDB\Server\4.0\bin;C:\Users\GODSGIFT T AKARI\.dotnet\tools;C:\Program Files\Java\jdk1.8.0_191\bin;

Yarn version: 
  1.7.0

Node version: 
  10.6.0

Platform: 
  win32 x64

Trace: 
  Error: https://registry.yarnpkg.com/babel-present-react: Not found
      at Request.params.callback [as _callback] (C:\Program Files (x86)\Yarn\lib\cli.js:65656:18)
      at Request.self.callback (C:\Program Files (x86)\Yarn\lib\cli.js:134675:22)
      at Request.emit (events.js:182:13)
      at Request.<anonymous> (C:\Program Files (x86)\Yarn\lib\cli.js:135658:10)
      at Request.emit (events.js:182:13)
      at IncomingMessage.<anonymous> (C:\Program Files (x86)\Yarn\lib\cli.js:135578:12)
      at Object.onceWrapper (events.js:273:13)
      at IncomingMessage.emit (events.js:187:15)
      at endReadableNT (_stream_readable.js:1081:12)
      at process._tickCallback (internal/process/next_tick.js:63:19)

npm manifest: 
  {
    "name": "Diary-Planner-App",
    "version": "1.0.0",
    "main": "index.js",
    "author": "Godsgift Akari",
    "license": "MIT"
  }

yarn manifest: 
  No manifest

Lockfile: 
  No lockfile
